
❯ ./configure --prefix=/opt/speex --sysconfdir=/opt/speex/conf
checking whether make supports nested variables... yes
checking for a BSD-compatible install... /usr/bin/install -c
checking whether build environment is sane... yes
checking for a thread-safe mkdir -p... /usr/bin/mkdir -p
checking for gawk... no
checking for mawk... mawk
checking whether make sets $(MAKE)... yes
checking whether to enable maintainer-specific portions of Makefiles... yes
checking build system type... x86_64-pc-linux-gnu
checking host system type... x86_64-pc-linux-gnu
checking how to print strings... printf
checking whether make supports the include directive... yes (GNU style)
checking for gcc... gcc
checking whether the C compiler works... yes
checking for C compiler default output file name... a.out
checking for suffix of executables... 
checking whether we are cross compiling... no
checking for suffix of object files... o
checking whether we are using the GNU C compiler... yes
checking whether gcc accepts -g... yes
checking for gcc option to accept ISO C89... none needed
checking whether gcc understands -c and -o together... yes
checking dependency style of gcc... gcc3
checking for a sed that does not truncate output... /usr/bin/sed
checking for grep that handles long lines and -e... /usr/bin/grep
checking for egrep... /usr/bin/grep -E
checking for fgrep... /usr/bin/grep -F
checking for ld used by gcc... /usr/bin/ld
checking if the linker (/usr/bin/ld) is GNU ld... yes
checking for BSD- or MS-compatible name lister (nm)... /usr/bin/nm -B
checking the name lister (/usr/bin/nm -B) interface... BSD nm
checking whether ln -s works... yes
checking the maximum length of command line arguments... 1572864
checking how to convert x86_64-pc-linux-gnu file names to x86_64-pc-linux-gnu format... func_convert_file_noop
checking how to convert x86_64-pc-linux-gnu file names to toolchain format... func_convert_file_noop
checking for /usr/bin/ld option to reload object files... -r
checking for objdump... objdump
checking how to recognize dependent libraries... pass_all
checking for dlltool... dlltool
checking how to associate runtime and link libraries... printf %s\n
checking for ar... ar
checking for archiver @FILE support... @
checking for strip... strip
checking for ranlib... ranlib
checking command to parse /usr/bin/nm -B output from gcc object... ok
checking for sysroot... no
checking for a working dd... /usr/bin/dd
checking how to truncate binary pipes... /usr/bin/dd bs=4096 count=1
checking for mt... mt
checking if mt is a manifest tool... no
checking how to run the C preprocessor... gcc -E
checking for ANSI C header files... yes
checking for sys/types.h... yes
checking for sys/stat.h... yes
checking for stdlib.h... yes
checking for string.h... yes
checking for memory.h... yes
checking for strings.h... yes
checking for inttypes.h... yes
checking for stdint.h... yes
checking for unistd.h... yes
checking for dlfcn.h... yes
checking for objdir... .libs
checking if gcc supports -fno-rtti -fno-exceptions... no
checking for gcc option to produce PIC... -fPIC -DPIC
checking if gcc PIC flag -fPIC -DPIC works... yes
checking if gcc static flag -static works... yes
checking if gcc supports -c -o file.o... yes
checking if gcc supports -c -o file.o... (cached) yes
checking whether the gcc linker (/usr/bin/ld -m elf_x86_64) supports shared libraries... yes
checking whether -lc should be explicitly linked in... no
checking dynamic linker characteristics... GNU/Linux ld.so
checking how to hardcode library paths into programs... immediate
checking whether stripping libraries is possible... yes
checking if libtool supports shared libraries... yes
checking whether to build shared libraries... yes
checking whether to build static libraries... yes
checking whether byte ordering is bigendian... no
checking for an ANSI C-conforming const... yes
checking for inline... inline
checking for C/C++ restrict keyword... __restrict
checking for C99 variable-size arrays... yes
checking alloca.h usability... yes
checking alloca.h presence... yes
checking for alloca.h... yes
checking getopt.h usability... yes
checking getopt.h presence... yes
checking for getopt.h... yes
checking for alloca... yes
checking for SSE in current arch/CFLAGS... yes
checking for ELF visibility... yes
checking sys/soundcard.h usability... yes
checking sys/soundcard.h presence... yes
checking for sys/soundcard.h... yes
checking sys/audioio.h usability... no
checking sys/audioio.h presence... no
checking for sys/audioio.h... no
checking for cos in -lm... yes
checking for getopt_long... yes
checking for pkg-config... /usr/bin/pkg-config
checking pkg-config is at least version 0.9.0... yes
checking for OGG... no
checking for SPEEXDSP... no
checking size of int16_t... 2
checking size of uint16_t... 2
checking size of u_int16_t... 2
checking size of int32_t... 4
checking size of uint32_t... 4
checking size of u_int32_t... 4
checking size of short... 2
checking size of int... 4
checking size of long... 8
checking if gcc accepts -Wall... yes
checking that generated files are newer than configure... done
configure: creating ./config.status
config.status: creating Makefile
config.status: creating libspeex/Makefile
config.status: creating src/Makefile
config.status: creating doc/Makefile
config.status: creating Speex.spec
config.status: creating include/Makefile
config.status: creating include/speex/Makefile
config.status: creating speex.pc
config.status: creating win32/Makefile
config.status: creating win32/libspeex/Makefile
config.status: creating win32/speexenc/Makefile
config.status: creating win32/speexdec/Makefile
config.status: creating symbian/Makefile
config.status: creating win32/VS2003/Makefile
config.status: creating win32/VS2003/tests/Makefile
config.status: creating win32/VS2003/libspeex/Makefile
config.status: creating win32/VS2003/speexdec/Makefile
config.status: creating win32/VS2003/speexenc/Makefile
config.status: creating win32/VS2005/Makefile
config.status: creating win32/VS2005/libspeex/Makefile
config.status: creating win32/VS2005/speexdec/Makefile
config.status: creating win32/VS2005/speexenc/Makefile
config.status: creating win32/VS2005/tests/Makefile
config.status: creating win32/VS2008/Makefile
config.status: creating win32/VS2008/speexdec/Makefile
config.status: creating win32/VS2008/tests/Makefile
config.status: creating win32/VS2008/libspeex/Makefile
config.status: creating win32/VS2008/speexenc/Makefile
config.status: creating include/speex/speex_config_types.h
config.status: creating ti/Makefile
config.status: creating ti/speex_C54_test/Makefile
config.status: creating ti/speex_C55_test/Makefile
config.status: creating ti/speex_C64_test/Makefile
config.status: creating config.h
config.status: executing depfiles commands
config.status: executing libtool commands
Type "make; make install" to compile and install Speex


❯ make
make  all-recursive
make[1]: Entering directory '/opt/speex/archive/source/speex-Speex-1.2.0'
Making all in libspeex
make[2]: Entering directory '/opt/speex/archive/source/speex-Speex-1.2.0/libspeex'
  CC       cb_search.lo
  CC       exc_10_32_table.lo
  CC       exc_8_128_table.lo
  CC       filters.lo
  CC       gain_table.lo
  CC       hexc_table.lo
  CC       high_lsp_tables.lo
  CC       lsp.lo
  CC       ltp.lo
  CC       speex.lo
  CC       stereo.lo
  CC       vbr.lo
  CC       vq.lo
  CC       bits.lo
  CC       exc_10_16_table.lo
  CC       exc_20_32_table.lo
  CC       exc_5_256_table.lo
  CC       exc_5_64_table.lo
  CC       gain_table_lbr.lo
  CC       hexc_10_32_table.lo
  CC       lpc.lo
  CC       lsp_tables_nb.lo
  CC       modes.lo
  CC       modes_wb.lo
  CC       nb_celp.lo
  CC       quant_lsp.lo
  CC       sb_celp.lo
  CC       speex_callbacks.lo
  CC       speex_header.lo
  CC       window.lo
  CCLD     libspeex.la
ar: `u' modifier ignored since `D' is the default (see `U')
make[2]: Leaving directory '/opt/speex/archive/source/speex-Speex-1.2.0/libspeex'
Making all in include
make[2]: Entering directory '/opt/speex/archive/source/speex-Speex-1.2.0/include'
Making all in speex
make[3]: Entering directory '/opt/speex/archive/source/speex-Speex-1.2.0/include/speex'
make[3]: Nothing to be done for 'all'.
make[3]: Leaving directory '/opt/speex/archive/source/speex-Speex-1.2.0/include/speex'
make[3]: Entering directory '/opt/speex/archive/source/speex-Speex-1.2.0/include'
make[3]: Nothing to be done for 'all-am'.
make[3]: Leaving directory '/opt/speex/archive/source/speex-Speex-1.2.0/include'
make[2]: Leaving directory '/opt/speex/archive/source/speex-Speex-1.2.0/include'
Making all in doc
make[2]: Entering directory '/opt/speex/archive/source/speex-Speex-1.2.0/doc'
make[2]: Nothing to be done for 'all'.
make[2]: Leaving directory '/opt/speex/archive/source/speex-Speex-1.2.0/doc'
Making all in win32
make[2]: Entering directory '/opt/speex/archive/source/speex-Speex-1.2.0/win32'
Making all in libspeex
make[3]: Entering directory '/opt/speex/archive/source/speex-Speex-1.2.0/win32/libspeex'
make[3]: Nothing to be done for 'all'.
make[3]: Leaving directory '/opt/speex/archive/source/speex-Speex-1.2.0/win32/libspeex'
Making all in speexenc
make[3]: Entering directory '/opt/speex/archive/source/speex-Speex-1.2.0/win32/speexenc'
make[3]: Nothing to be done for 'all'.
make[3]: Leaving directory '/opt/speex/archive/source/speex-Speex-1.2.0/win32/speexenc'
Making all in speexdec
make[3]: Entering directory '/opt/speex/archive/source/speex-Speex-1.2.0/win32/speexdec'
make[3]: Nothing to be done for 'all'.
make[3]: Leaving directory '/opt/speex/archive/source/speex-Speex-1.2.0/win32/speexdec'
Making all in VS2003
make[3]: Entering directory '/opt/speex/archive/source/speex-Speex-1.2.0/win32/VS2003'
Making all in libspeex
make[4]: Entering directory '/opt/speex/archive/source/speex-Speex-1.2.0/win32/VS2003/libspeex'
make[4]: Nothing to be done for 'all'.
make[4]: Leaving directory '/opt/speex/archive/source/speex-Speex-1.2.0/win32/VS2003/libspeex'
Making all in speexenc
make[4]: Entering directory '/opt/speex/archive/source/speex-Speex-1.2.0/win32/VS2003/speexenc'
make[4]: Nothing to be done for 'all'.
make[4]: Leaving directory '/opt/speex/archive/source/speex-Speex-1.2.0/win32/VS2003/speexenc'
Making all in speexdec
make[4]: Entering directory '/opt/speex/archive/source/speex-Speex-1.2.0/win32/VS2003/speexdec'
make[4]: Nothing to be done for 'all'.
make[4]: Leaving directory '/opt/speex/archive/source/speex-Speex-1.2.0/win32/VS2003/speexdec'
Making all in tests
make[4]: Entering directory '/opt/speex/archive/source/speex-Speex-1.2.0/win32/VS2003/tests'
make[4]: Nothing to be done for 'all'.
make[4]: Leaving directory '/opt/speex/archive/source/speex-Speex-1.2.0/win32/VS2003/tests'
make[4]: Entering directory '/opt/speex/archive/source/speex-Speex-1.2.0/win32/VS2003'
make[4]: Nothing to be done for 'all-am'.
make[4]: Leaving directory '/opt/speex/archive/source/speex-Speex-1.2.0/win32/VS2003'
make[3]: Leaving directory '/opt/speex/archive/source/speex-Speex-1.2.0/win32/VS2003'
Making all in VS2005
make[3]: Entering directory '/opt/speex/archive/source/speex-Speex-1.2.0/win32/VS2005'
Making all in libspeex
make[4]: Entering directory '/opt/speex/archive/source/speex-Speex-1.2.0/win32/VS2005/libspeex'
make[4]: Nothing to be done for 'all'.
make[4]: Leaving directory '/opt/speex/archive/source/speex-Speex-1.2.0/win32/VS2005/libspeex'
Making all in speexenc
make[4]: Entering directory '/opt/speex/archive/source/speex-Speex-1.2.0/win32/VS2005/speexenc'
make[4]: Nothing to be done for 'all'.
make[4]: Leaving directory '/opt/speex/archive/source/speex-Speex-1.2.0/win32/VS2005/speexenc'
Making all in speexdec
make[4]: Entering directory '/opt/speex/archive/source/speex-Speex-1.2.0/win32/VS2005/speexdec'
make[4]: Nothing to be done for 'all'.
make[4]: Leaving directory '/opt/speex/archive/source/speex-Speex-1.2.0/win32/VS2005/speexdec'
Making all in tests
make[4]: Entering directory '/opt/speex/archive/source/speex-Speex-1.2.0/win32/VS2005/tests'
make[4]: Nothing to be done for 'all'.
make[4]: Leaving directory '/opt/speex/archive/source/speex-Speex-1.2.0/win32/VS2005/tests'
make[4]: Entering directory '/opt/speex/archive/source/speex-Speex-1.2.0/win32/VS2005'
make[4]: Nothing to be done for 'all-am'.
make[4]: Leaving directory '/opt/speex/archive/source/speex-Speex-1.2.0/win32/VS2005'
make[3]: Leaving directory '/opt/speex/archive/source/speex-Speex-1.2.0/win32/VS2005'
Making all in VS2008
make[3]: Entering directory '/opt/speex/archive/source/speex-Speex-1.2.0/win32/VS2008'
Making all in libspeex
make[4]: Entering directory '/opt/speex/archive/source/speex-Speex-1.2.0/win32/VS2008/libspeex'
make[4]: Nothing to be done for 'all'.
make[4]: Leaving directory '/opt/speex/archive/source/speex-Speex-1.2.0/win32/VS2008/libspeex'
Making all in speexenc
make[4]: Entering directory '/opt/speex/archive/source/speex-Speex-1.2.0/win32/VS2008/speexenc'
make[4]: Nothing to be done for 'all'.
make[4]: Leaving directory '/opt/speex/archive/source/speex-Speex-1.2.0/win32/VS2008/speexenc'
Making all in speexdec
make[4]: Entering directory '/opt/speex/archive/source/speex-Speex-1.2.0/win32/VS2008/speexdec'
make[4]: Nothing to be done for 'all'.
make[4]: Leaving directory '/opt/speex/archive/source/speex-Speex-1.2.0/win32/VS2008/speexdec'
Making all in tests
make[4]: Entering directory '/opt/speex/archive/source/speex-Speex-1.2.0/win32/VS2008/tests'
make[4]: Nothing to be done for 'all'.
make[4]: Leaving directory '/opt/speex/archive/source/speex-Speex-1.2.0/win32/VS2008/tests'
make[4]: Entering directory '/opt/speex/archive/source/speex-Speex-1.2.0/win32/VS2008'
make[4]: Nothing to be done for 'all-am'.
make[4]: Leaving directory '/opt/speex/archive/source/speex-Speex-1.2.0/win32/VS2008'
make[3]: Leaving directory '/opt/speex/archive/source/speex-Speex-1.2.0/win32/VS2008'
make[3]: Entering directory '/opt/speex/archive/source/speex-Speex-1.2.0/win32'
make[3]: Nothing to be done for 'all-am'.
make[3]: Leaving directory '/opt/speex/archive/source/speex-Speex-1.2.0/win32'
make[2]: Leaving directory '/opt/speex/archive/source/speex-Speex-1.2.0/win32'
Making all in symbian
make[2]: Entering directory '/opt/speex/archive/source/speex-Speex-1.2.0/symbian'
make[2]: Nothing to be done for 'all'.
make[2]: Leaving directory '/opt/speex/archive/source/speex-Speex-1.2.0/symbian'
Making all in ti
make[2]: Entering directory '/opt/speex/archive/source/speex-Speex-1.2.0/ti'
Making all in speex_C54_test
make[3]: Entering directory '/opt/speex/archive/source/speex-Speex-1.2.0/ti/speex_C54_test'
make[3]: Nothing to be done for 'all'.
make[3]: Leaving directory '/opt/speex/archive/source/speex-Speex-1.2.0/ti/speex_C54_test'
Making all in speex_C55_test
make[3]: Entering directory '/opt/speex/archive/source/speex-Speex-1.2.0/ti/speex_C55_test'
make[3]: Nothing to be done for 'all'.
make[3]: Leaving directory '/opt/speex/archive/source/speex-Speex-1.2.0/ti/speex_C55_test'
Making all in speex_C64_test
make[3]: Entering directory '/opt/speex/archive/source/speex-Speex-1.2.0/ti/speex_C64_test'
make[3]: Nothing to be done for 'all'.
make[3]: Leaving directory '/opt/speex/archive/source/speex-Speex-1.2.0/ti/speex_C64_test'
make[3]: Entering directory '/opt/speex/archive/source/speex-Speex-1.2.0/ti'
make[3]: Nothing to be done for 'all-am'.
make[3]: Leaving directory '/opt/speex/archive/source/speex-Speex-1.2.0/ti'
make[2]: Leaving directory '/opt/speex/archive/source/speex-Speex-1.2.0/ti'
make[2]: Entering directory '/opt/speex/archive/source/speex-Speex-1.2.0'
make[2]: Leaving directory '/opt/speex/archive/source/speex-Speex-1.2.0'
make[1]: Leaving directory '/opt/speex/archive/source/speex-Speex-1.2.0'


❯ make install
Making install in libspeex
make[1]: Entering directory '/opt/speex/archive/source/speex-Speex-1.2.0/libspeex'
make[2]: Entering directory '/opt/speex/archive/source/speex-Speex-1.2.0/libspeex'
 /usr/bin/mkdir -p '/opt/speex/lib'
 /bin/bash ../libtool   --mode=install /usr/bin/install -c   libspeex.la '/opt/speex/lib'
libtool: install: /usr/bin/install -c .libs/libspeex.so.1.5.1 /opt/speex/lib/libspeex.so.1.5.1
libtool: install: (cd /opt/speex/lib && { ln -s -f libspeex.so.1.5.1 libspeex.so.1 || { rm -f libspeex.so.1 && ln -s libspeex.so.1.5.1 libspeex.so.1; }; })
libtool: install: (cd /opt/speex/lib && { ln -s -f libspeex.so.1.5.1 libspeex.so || { rm -f libspeex.so && ln -s libspeex.so.1.5.1 libspeex.so; }; })
libtool: install: /usr/bin/install -c .libs/libspeex.lai /opt/speex/lib/libspeex.la
libtool: install: /usr/bin/install -c .libs/libspeex.a /opt/speex/lib/libspeex.a
libtool: install: chmod 644 /opt/speex/lib/libspeex.a
libtool: install: ranlib /opt/speex/lib/libspeex.a
libtool: finish: PATH="/opt/zookeeper/bin:/opt/xz/bin:/opt/vim/bin:/opt/valgrind/bin:/opt/unixodbc/bin:/opt/sqlite/bin:/opt/sofia-sip/bin:/opt/shadowsocks/bin:/opt/scala/bin:/opt/sbt/bin:/opt/ruby/bin:/opt/redis/bin:/opt/readline/bin:/opt/python3/bin:/opt/python2/bin:/opt/proxychains/bin:/opt/protobuf/bin:/opt/privoxy/sbin:/opt/perl/bin:/opt/pcre2/bin:/opt/pcre/bin:/opt/openssl/bin:/opt/node/bin:/opt/nginx/bin:/opt/nghttp2/bin:/opt/ncurses/bin:/opt/mysql/bin:/opt/maven/bin:/opt/lua/bin:/opt/lighttpd/bin:/opt/libxml2/bin:/opt/libxslt/bin:/opt/libtiff/bin:/opt/libevent/bin:/opt/libdbi/bin:/opt/kafka/bin:/opt/jemalloc/bin:/opt/java/bin:/opt/java/jre/bin:/opt/iconv/bin:/opt/httpd/bin:/opt/go/bin:/opt/go/app/bin:/opt/gitea/bin:/opt/git-lfs/bin:/opt/git/bin:/opt/expat/bin:/opt/curl/bin:/opt/cmake/bin:/opt/bzip2/bin:/opt/autoconf/bin:/opt/asciidoc/bin:/opt/apr-util/bin:/opt/apr-iconv/bin:/opt/apr/bin:/opt/ant/bin:/root/.local/bin:/usr/games:/usr/local/bin:/usr/local/sbin:/usr/sbin:/usr/bin:/sbin:/bin:/sbin" ldconfig -n /opt/speex/lib
----------------------------------------------------------------------
Libraries have been installed in:
   /opt/speex/lib

If you ever happen to want to link against installed libraries
in a given directory, LIBDIR, you must either use libtool, and
specify the full pathname of the library, or use the '-LLIBDIR'
flag during linking and do at least one of the following:
   - add LIBDIR to the 'LD_LIBRARY_PATH' environment variable
     during execution
   - add LIBDIR to the 'LD_RUN_PATH' environment variable
     during linking
   - use the '-Wl,-rpath -Wl,LIBDIR' linker flag
   - have your system administrator add LIBDIR to '/etc/ld.so.conf'

See any operating system documentation about shared libraries for
more information, such as the ld(1) and ld.so(8) manual pages.
----------------------------------------------------------------------
make[2]: Nothing to be done for 'install-data-am'.
make[2]: Leaving directory '/opt/speex/archive/source/speex-Speex-1.2.0/libspeex'
make[1]: Leaving directory '/opt/speex/archive/source/speex-Speex-1.2.0/libspeex'
Making install in include
make[1]: Entering directory '/opt/speex/archive/source/speex-Speex-1.2.0/include'
Making install in speex
make[2]: Entering directory '/opt/speex/archive/source/speex-Speex-1.2.0/include/speex'
make[3]: Entering directory '/opt/speex/archive/source/speex-Speex-1.2.0/include/speex'
make[3]: Nothing to be done for 'install-exec-am'.
 /usr/bin/mkdir -p '/opt/speex/include/speex'
 /usr/bin/install -c -m 644 speex_config_types.h '/opt/speex/include/speex'
 /usr/bin/mkdir -p '/opt/speex/include/speex'
 /usr/bin/install -c -m 644 speex.h speex_bits.h speex_callbacks.h speex_header.h speex_stereo.h speex_types.h '/opt/speex/include/speex'
make[3]: Leaving directory '/opt/speex/archive/source/speex-Speex-1.2.0/include/speex'
make[2]: Leaving directory '/opt/speex/archive/source/speex-Speex-1.2.0/include/speex'
make[2]: Entering directory '/opt/speex/archive/source/speex-Speex-1.2.0/include'
make[3]: Entering directory '/opt/speex/archive/source/speex-Speex-1.2.0/include'
make[3]: Nothing to be done for 'install-exec-am'.
make[3]: Nothing to be done for 'install-data-am'.
make[3]: Leaving directory '/opt/speex/archive/source/speex-Speex-1.2.0/include'
make[2]: Leaving directory '/opt/speex/archive/source/speex-Speex-1.2.0/include'
make[1]: Leaving directory '/opt/speex/archive/source/speex-Speex-1.2.0/include'
Making install in doc
make[1]: Entering directory '/opt/speex/archive/source/speex-Speex-1.2.0/doc'
make[2]: Entering directory '/opt/speex/archive/source/speex-Speex-1.2.0/doc'
make[2]: Nothing to be done for 'install-exec-am'.
 /usr/bin/mkdir -p '/opt/speex/share/doc/speex'
 /usr/bin/install -c -m 644 manual.pdf '/opt/speex/share/doc/speex'
make[2]: Leaving directory '/opt/speex/archive/source/speex-Speex-1.2.0/doc'
make[1]: Leaving directory '/opt/speex/archive/source/speex-Speex-1.2.0/doc'
Making install in win32
make[1]: Entering directory '/opt/speex/archive/source/speex-Speex-1.2.0/win32'
Making install in libspeex
make[2]: Entering directory '/opt/speex/archive/source/speex-Speex-1.2.0/win32/libspeex'
make[3]: Entering directory '/opt/speex/archive/source/speex-Speex-1.2.0/win32/libspeex'
make[3]: Nothing to be done for 'install-exec-am'.
make[3]: Nothing to be done for 'install-data-am'.
make[3]: Leaving directory '/opt/speex/archive/source/speex-Speex-1.2.0/win32/libspeex'
make[2]: Leaving directory '/opt/speex/archive/source/speex-Speex-1.2.0/win32/libspeex'
Making install in speexenc
make[2]: Entering directory '/opt/speex/archive/source/speex-Speex-1.2.0/win32/speexenc'
make[3]: Entering directory '/opt/speex/archive/source/speex-Speex-1.2.0/win32/speexenc'
make[3]: Nothing to be done for 'install-exec-am'.
make[3]: Nothing to be done for 'install-data-am'.
make[3]: Leaving directory '/opt/speex/archive/source/speex-Speex-1.2.0/win32/speexenc'
make[2]: Leaving directory '/opt/speex/archive/source/speex-Speex-1.2.0/win32/speexenc'
Making install in speexdec
make[2]: Entering directory '/opt/speex/archive/source/speex-Speex-1.2.0/win32/speexdec'
make[3]: Entering directory '/opt/speex/archive/source/speex-Speex-1.2.0/win32/speexdec'
make[3]: Nothing to be done for 'install-exec-am'.
make[3]: Nothing to be done for 'install-data-am'.
make[3]: Leaving directory '/opt/speex/archive/source/speex-Speex-1.2.0/win32/speexdec'
make[2]: Leaving directory '/opt/speex/archive/source/speex-Speex-1.2.0/win32/speexdec'
Making install in VS2003
make[2]: Entering directory '/opt/speex/archive/source/speex-Speex-1.2.0/win32/VS2003'
Making install in libspeex
make[3]: Entering directory '/opt/speex/archive/source/speex-Speex-1.2.0/win32/VS2003/libspeex'
make[4]: Entering directory '/opt/speex/archive/source/speex-Speex-1.2.0/win32/VS2003/libspeex'
make[4]: Nothing to be done for 'install-exec-am'.
make[4]: Nothing to be done for 'install-data-am'.
make[4]: Leaving directory '/opt/speex/archive/source/speex-Speex-1.2.0/win32/VS2003/libspeex'
make[3]: Leaving directory '/opt/speex/archive/source/speex-Speex-1.2.0/win32/VS2003/libspeex'
Making install in speexenc
make[3]: Entering directory '/opt/speex/archive/source/speex-Speex-1.2.0/win32/VS2003/speexenc'
make[4]: Entering directory '/opt/speex/archive/source/speex-Speex-1.2.0/win32/VS2003/speexenc'
make[4]: Nothing to be done for 'install-exec-am'.
make[4]: Nothing to be done for 'install-data-am'.
make[4]: Leaving directory '/opt/speex/archive/source/speex-Speex-1.2.0/win32/VS2003/speexenc'
make[3]: Leaving directory '/opt/speex/archive/source/speex-Speex-1.2.0/win32/VS2003/speexenc'
Making install in speexdec
make[3]: Entering directory '/opt/speex/archive/source/speex-Speex-1.2.0/win32/VS2003/speexdec'
make[4]: Entering directory '/opt/speex/archive/source/speex-Speex-1.2.0/win32/VS2003/speexdec'
make[4]: Nothing to be done for 'install-exec-am'.
make[4]: Nothing to be done for 'install-data-am'.
make[4]: Leaving directory '/opt/speex/archive/source/speex-Speex-1.2.0/win32/VS2003/speexdec'
make[3]: Leaving directory '/opt/speex/archive/source/speex-Speex-1.2.0/win32/VS2003/speexdec'
Making install in tests
make[3]: Entering directory '/opt/speex/archive/source/speex-Speex-1.2.0/win32/VS2003/tests'
make[4]: Entering directory '/opt/speex/archive/source/speex-Speex-1.2.0/win32/VS2003/tests'
make[4]: Nothing to be done for 'install-exec-am'.
make[4]: Nothing to be done for 'install-data-am'.
make[4]: Leaving directory '/opt/speex/archive/source/speex-Speex-1.2.0/win32/VS2003/tests'
make[3]: Leaving directory '/opt/speex/archive/source/speex-Speex-1.2.0/win32/VS2003/tests'
make[3]: Entering directory '/opt/speex/archive/source/speex-Speex-1.2.0/win32/VS2003'
make[4]: Entering directory '/opt/speex/archive/source/speex-Speex-1.2.0/win32/VS2003'
make[4]: Nothing to be done for 'install-exec-am'.
make[4]: Nothing to be done for 'install-data-am'.
make[4]: Leaving directory '/opt/speex/archive/source/speex-Speex-1.2.0/win32/VS2003'
make[3]: Leaving directory '/opt/speex/archive/source/speex-Speex-1.2.0/win32/VS2003'
make[2]: Leaving directory '/opt/speex/archive/source/speex-Speex-1.2.0/win32/VS2003'
Making install in VS2005
make[2]: Entering directory '/opt/speex/archive/source/speex-Speex-1.2.0/win32/VS2005'
Making install in libspeex
make[3]: Entering directory '/opt/speex/archive/source/speex-Speex-1.2.0/win32/VS2005/libspeex'
make[4]: Entering directory '/opt/speex/archive/source/speex-Speex-1.2.0/win32/VS2005/libspeex'
make[4]: Nothing to be done for 'install-exec-am'.
make[4]: Nothing to be done for 'install-data-am'.
make[4]: Leaving directory '/opt/speex/archive/source/speex-Speex-1.2.0/win32/VS2005/libspeex'
make[3]: Leaving directory '/opt/speex/archive/source/speex-Speex-1.2.0/win32/VS2005/libspeex'
Making install in speexenc
make[3]: Entering directory '/opt/speex/archive/source/speex-Speex-1.2.0/win32/VS2005/speexenc'
make[4]: Entering directory '/opt/speex/archive/source/speex-Speex-1.2.0/win32/VS2005/speexenc'
make[4]: Nothing to be done for 'install-exec-am'.
make[4]: Nothing to be done for 'install-data-am'.
make[4]: Leaving directory '/opt/speex/archive/source/speex-Speex-1.2.0/win32/VS2005/speexenc'
make[3]: Leaving directory '/opt/speex/archive/source/speex-Speex-1.2.0/win32/VS2005/speexenc'
Making install in speexdec
make[3]: Entering directory '/opt/speex/archive/source/speex-Speex-1.2.0/win32/VS2005/speexdec'
make[4]: Entering directory '/opt/speex/archive/source/speex-Speex-1.2.0/win32/VS2005/speexdec'
make[4]: Nothing to be done for 'install-exec-am'.
make[4]: Nothing to be done for 'install-data-am'.
make[4]: Leaving directory '/opt/speex/archive/source/speex-Speex-1.2.0/win32/VS2005/speexdec'
make[3]: Leaving directory '/opt/speex/archive/source/speex-Speex-1.2.0/win32/VS2005/speexdec'
Making install in tests
make[3]: Entering directory '/opt/speex/archive/source/speex-Speex-1.2.0/win32/VS2005/tests'
make[4]: Entering directory '/opt/speex/archive/source/speex-Speex-1.2.0/win32/VS2005/tests'
make[4]: Nothing to be done for 'install-exec-am'.
make[4]: Nothing to be done for 'install-data-am'.
make[4]: Leaving directory '/opt/speex/archive/source/speex-Speex-1.2.0/win32/VS2005/tests'
make[3]: Leaving directory '/opt/speex/archive/source/speex-Speex-1.2.0/win32/VS2005/tests'
make[3]: Entering directory '/opt/speex/archive/source/speex-Speex-1.2.0/win32/VS2005'
make[4]: Entering directory '/opt/speex/archive/source/speex-Speex-1.2.0/win32/VS2005'
make[4]: Nothing to be done for 'install-exec-am'.
make[4]: Nothing to be done for 'install-data-am'.
make[4]: Leaving directory '/opt/speex/archive/source/speex-Speex-1.2.0/win32/VS2005'
make[3]: Leaving directory '/opt/speex/archive/source/speex-Speex-1.2.0/win32/VS2005'
make[2]: Leaving directory '/opt/speex/archive/source/speex-Speex-1.2.0/win32/VS2005'
Making install in VS2008
make[2]: Entering directory '/opt/speex/archive/source/speex-Speex-1.2.0/win32/VS2008'
Making install in libspeex
make[3]: Entering directory '/opt/speex/archive/source/speex-Speex-1.2.0/win32/VS2008/libspeex'
make[4]: Entering directory '/opt/speex/archive/source/speex-Speex-1.2.0/win32/VS2008/libspeex'
make[4]: Nothing to be done for 'install-exec-am'.
make[4]: Nothing to be done for 'install-data-am'.
make[4]: Leaving directory '/opt/speex/archive/source/speex-Speex-1.2.0/win32/VS2008/libspeex'
make[3]: Leaving directory '/opt/speex/archive/source/speex-Speex-1.2.0/win32/VS2008/libspeex'
Making install in speexenc
make[3]: Entering directory '/opt/speex/archive/source/speex-Speex-1.2.0/win32/VS2008/speexenc'
make[4]: Entering directory '/opt/speex/archive/source/speex-Speex-1.2.0/win32/VS2008/speexenc'
make[4]: Nothing to be done for 'install-exec-am'.
make[4]: Nothing to be done for 'install-data-am'.
make[4]: Leaving directory '/opt/speex/archive/source/speex-Speex-1.2.0/win32/VS2008/speexenc'
make[3]: Leaving directory '/opt/speex/archive/source/speex-Speex-1.2.0/win32/VS2008/speexenc'
Making install in speexdec
make[3]: Entering directory '/opt/speex/archive/source/speex-Speex-1.2.0/win32/VS2008/speexdec'
make[4]: Entering directory '/opt/speex/archive/source/speex-Speex-1.2.0/win32/VS2008/speexdec'
make[4]: Nothing to be done for 'install-exec-am'.
make[4]: Nothing to be done for 'install-data-am'.
make[4]: Leaving directory '/opt/speex/archive/source/speex-Speex-1.2.0/win32/VS2008/speexdec'
make[3]: Leaving directory '/opt/speex/archive/source/speex-Speex-1.2.0/win32/VS2008/speexdec'
Making install in tests
make[3]: Entering directory '/opt/speex/archive/source/speex-Speex-1.2.0/win32/VS2008/tests'
make[4]: Entering directory '/opt/speex/archive/source/speex-Speex-1.2.0/win32/VS2008/tests'
make[4]: Nothing to be done for 'install-exec-am'.
make[4]: Nothing to be done for 'install-data-am'.
make[4]: Leaving directory '/opt/speex/archive/source/speex-Speex-1.2.0/win32/VS2008/tests'
make[3]: Leaving directory '/opt/speex/archive/source/speex-Speex-1.2.0/win32/VS2008/tests'
make[3]: Entering directory '/opt/speex/archive/source/speex-Speex-1.2.0/win32/VS2008'
make[4]: Entering directory '/opt/speex/archive/source/speex-Speex-1.2.0/win32/VS2008'
make[4]: Nothing to be done for 'install-exec-am'.
make[4]: Nothing to be done for 'install-data-am'.
make[4]: Leaving directory '/opt/speex/archive/source/speex-Speex-1.2.0/win32/VS2008'
make[3]: Leaving directory '/opt/speex/archive/source/speex-Speex-1.2.0/win32/VS2008'
make[2]: Leaving directory '/opt/speex/archive/source/speex-Speex-1.2.0/win32/VS2008'
make[2]: Entering directory '/opt/speex/archive/source/speex-Speex-1.2.0/win32'
make[3]: Entering directory '/opt/speex/archive/source/speex-Speex-1.2.0/win32'
make[3]: Nothing to be done for 'install-exec-am'.
make[3]: Nothing to be done for 'install-data-am'.
make[3]: Leaving directory '/opt/speex/archive/source/speex-Speex-1.2.0/win32'
make[2]: Leaving directory '/opt/speex/archive/source/speex-Speex-1.2.0/win32'
make[1]: Leaving directory '/opt/speex/archive/source/speex-Speex-1.2.0/win32'
Making install in symbian
make[1]: Entering directory '/opt/speex/archive/source/speex-Speex-1.2.0/symbian'
make[2]: Entering directory '/opt/speex/archive/source/speex-Speex-1.2.0/symbian'
make[2]: Nothing to be done for 'install-exec-am'.
make[2]: Nothing to be done for 'install-data-am'.
make[2]: Leaving directory '/opt/speex/archive/source/speex-Speex-1.2.0/symbian'
make[1]: Leaving directory '/opt/speex/archive/source/speex-Speex-1.2.0/symbian'
Making install in ti
make[1]: Entering directory '/opt/speex/archive/source/speex-Speex-1.2.0/ti'
Making install in speex_C54_test
make[2]: Entering directory '/opt/speex/archive/source/speex-Speex-1.2.0/ti/speex_C54_test'
make[3]: Entering directory '/opt/speex/archive/source/speex-Speex-1.2.0/ti/speex_C54_test'
make[3]: Nothing to be done for 'install-exec-am'.
make[3]: Nothing to be done for 'install-data-am'.
make[3]: Leaving directory '/opt/speex/archive/source/speex-Speex-1.2.0/ti/speex_C54_test'
make[2]: Leaving directory '/opt/speex/archive/source/speex-Speex-1.2.0/ti/speex_C54_test'
Making install in speex_C55_test
make[2]: Entering directory '/opt/speex/archive/source/speex-Speex-1.2.0/ti/speex_C55_test'
make[3]: Entering directory '/opt/speex/archive/source/speex-Speex-1.2.0/ti/speex_C55_test'
make[3]: Nothing to be done for 'install-exec-am'.
make[3]: Nothing to be done for 'install-data-am'.
make[3]: Leaving directory '/opt/speex/archive/source/speex-Speex-1.2.0/ti/speex_C55_test'
make[2]: Leaving directory '/opt/speex/archive/source/speex-Speex-1.2.0/ti/speex_C55_test'
Making install in speex_C64_test
make[2]: Entering directory '/opt/speex/archive/source/speex-Speex-1.2.0/ti/speex_C64_test'
make[3]: Entering directory '/opt/speex/archive/source/speex-Speex-1.2.0/ti/speex_C64_test'
make[3]: Nothing to be done for 'install-exec-am'.
make[3]: Nothing to be done for 'install-data-am'.
make[3]: Leaving directory '/opt/speex/archive/source/speex-Speex-1.2.0/ti/speex_C64_test'
make[2]: Leaving directory '/opt/speex/archive/source/speex-Speex-1.2.0/ti/speex_C64_test'
make[2]: Entering directory '/opt/speex/archive/source/speex-Speex-1.2.0/ti'
make[3]: Entering directory '/opt/speex/archive/source/speex-Speex-1.2.0/ti'
make[3]: Nothing to be done for 'install-exec-am'.
make[3]: Nothing to be done for 'install-data-am'.
make[3]: Leaving directory '/opt/speex/archive/source/speex-Speex-1.2.0/ti'
make[2]: Leaving directory '/opt/speex/archive/source/speex-Speex-1.2.0/ti'
make[1]: Leaving directory '/opt/speex/archive/source/speex-Speex-1.2.0/ti'
make[1]: Entering directory '/opt/speex/archive/source/speex-Speex-1.2.0'
make[2]: Entering directory '/opt/speex/archive/source/speex-Speex-1.2.0'
make[2]: Nothing to be done for 'install-exec-am'.
 /usr/bin/mkdir -p '/opt/speex/share/aclocal'
 /usr/bin/install -c -m 644 speex.m4 '/opt/speex/share/aclocal'
 /usr/bin/mkdir -p '/opt/speex/lib/pkgconfig'
 /usr/bin/install -c -m 644 speex.pc '/opt/speex/lib/pkgconfig'
make[2]: Leaving directory '/opt/speex/archive/source/speex-Speex-1.2.0'
make[1]: Leaving directory '/opt/speex/archive/source/speex-Speex-1.2.0'

